<?xml version="1.0" encoding="UTF-8"?>
<testng-results ignored="0" total="1" passed="1" failed="0" skipped="0">
  <reporter-output>
  </reporter-output>
  <suite started-at="2022-03-24T12:37:31 IST" name="Default suite" finished-at="2022-03-24T12:37:40 IST" duration-ms="8558">
    <groups>
    </groups>
    <test started-at="2022-03-24T12:37:31 IST" name="Default test" finished-at="2022-03-24T12:37:40 IST" duration-ms="8558">
      <class name="com.extentReport.ExtentReport">
        <test-method is-config="true" signature="setup()[pri:0, instance:com.extentReport.ExtentReport@4efc180e]" started-at="2022-03-24T12:37:31 IST" name="setup" finished-at="2022-03-24T12:37:31 IST" duration-ms="208" status="PASS">
          <reporter-output>
          </reporter-output>
        </test-method> <!-- setup -->
        <test-method is-config="true" signature="setUpTest()[pri:0, instance:com.extentReport.ExtentReport@4efc180e]" started-at="2022-03-24T12:37:31 IST" name="setUpTest" finished-at="2022-03-24T12:37:33 IST" duration-ms="2455" status="PASS">
          <reporter-output>
          </reporter-output>
        </test-method> <!-- setUpTest -->
        <test-method signature="test1()[pri:0, instance:com.extentReport.ExtentReport@4efc180e]" started-at="2022-03-24T12:37:33 IST" name="test1" finished-at="2022-03-24T12:37:35 IST" duration-ms="1806" status="PASS">
          <reporter-output>
          </reporter-output>
        </test-method> <!-- test1 -->
        <test-method is-config="true" signature="tearDown()[pri:0, instance:com.extentReport.ExtentReport@4efc180e]" started-at="2022-03-24T12:37:35 IST" name="tearDown" finished-at="2022-03-24T12:37:40 IST" duration-ms="4242" status="PASS">
          <reporter-output>
          </reporter-output>
        </test-method> <!-- tearDown -->
        <test-method is-config="true" signature="tearDownstep()[pri:0, instance:com.extentReport.ExtentReport@4efc180e]" started-at="2022-03-24T12:37:40 IST" name="tearDownstep" finished-at="2022-03-24T12:37:40 IST" duration-ms="304" status="PASS">
          <reporter-output>
          </reporter-output>
        </test-method> <!-- tearDownstep -->
      </class> <!-- com.extentReport.ExtentReport -->
    </test> <!-- Default test -->
  </suite> <!-- Default suite -->
</testng-results>
