<?xml version="1.0" encoding="UTF-8"?>
<testng-results ignored="0" total="1" passed="1" failed="0" skipped="0">
  <reporter-output>
  </reporter-output>
  <suite started-at="2022-03-23T17:41:04 IST" name="Suite" finished-at="2022-03-23T17:41:08 IST" duration-ms="3986">
    <groups>
    </groups>
    <test started-at="2022-03-23T17:41:04 IST" name="Test" finished-at="2022-03-23T17:41:08 IST" duration-ms="3986">
      <class name="com.test.Base">
        <test-method signature="launch()[pri:0, instance:com.test.Base@11c9af63]" started-at="2022-03-23T17:41:04 IST" name="launch" finished-at="2022-03-23T17:41:08 IST" duration-ms="3940" status="PASS">
          <reporter-output>
          </reporter-output>
        </test-method> <!-- launch -->
      </class> <!-- com.test.Base -->
    </test> <!-- Test -->
  </suite> <!-- Suite -->
</testng-results>
